<?xml version="1.0" encoding="UTF-8"?>
<!-- Generated by org.testng.reporters.JUnitReportReporter -->
<testsuite skipped="0" hostname="DS-C101AA553646" name="com.practice.TestNGTests2" tests="2" failures="0" timestamp="28 Dec 2018 11:45:14 GMT" time="0.007" errors="0">
  <testcase name="method4" time="0.005" classname="com.practice.TestNGTests2"/>
  <testcase name="method3" time="0.002" classname="com.practice.TestNGTests2"/>
</testsuite> <!-- com.practice.TestNGTests2 -->
