<?xml version="1.0" encoding="UTF-8"?>
<!-- Generated by org.testng.reporters.JUnitReportReporter -->
<testsuite skipped="0" hostname="DS-C101AA553646" name="com.practice.TestNGTests2" tests="1" failures="0" timestamp="31 Dec 2018 10:50:38 GMT" time="0.000" errors="0">
  <testcase name="method3" time="0.000" classname="com.practice.TestNGTests2"/>
</testsuite> <!-- com.practice.TestNGTests2 -->
